# JRE version: Java(TM) SE Runtime Environment (8.0_112-b15) (build 1.8.0_112-b15)
# Java VM: Java HotSpot(TM) 64-Bit Server VM (25.112-b15 mixed mode windows-amd64 compressed oops)
Heap:
 PSYoungGen      total 57344K, used 53343K [0x00000007bc400000, 0x00000007c0000000, 0x00000007c0000000)
  eden space 53760K, 98% used [0x00000007bc400000,0x00000007bf7b7d90,0x00000007bf880000)
  from space 3584K, 10% used [0x00000007bf880000,0x00000007bf8e0000,0x00000007bfc00000)
  to   space 3584K, 0% used [0x00000007bfc80000,0x00000007bfc80000,0x00000007c0000000)
 ParOldGen       total 145408K, used 116519K [0x0000000700000000, 0x0000000708e00000, 0x00000007bc400000)
  object space 145408K, 80% used [0x0000000700000000,0x00000007071c9e08,0x0000000708e00000)
 Metaspace       used 85784K, capacity 86695K, committed 87424K, reserved 1124352K
  class space    used 11628K, capacity 11786K, committed 11904K, reserved 1048576K
GC Heap History (10 events):
Event: 11972.521 GC heap before
{Heap before GC invocations=2091 (full 566):
 PSYoungGen      total 57344K, used 53664K [0x00000007bc400000, 0x00000007c0000000, 0x00000007c0000000)
  eden space 53248K, 100% used [0x00000007bc400000,0x00000007bf800000,0x00000007bf800000)
  from space 4096K, 10% used [0x00000007bfc00000,0x00000007bfc68000,0x00000007c0000000)
  to   space 4096K, 0% used [0x00000007bf800000,0x00000007bf800000,0x00000007bfc00000)
 ParOldGen       total 145408K, used 116447K [0x0000000700000000, 0x0000000708e00000, 0x00000007bc400000)
  object space 145408K, 80% used [0x0000000700000000,0x00000007071b7e08,0x0000000708e00000)
 Metaspace       used 85734K, capacity 86625K, committed 87168K, reserved 1124352K
  class space    used 11609K, capacity 11785K, committed 11904K, reserved 1048576K
Event: 11972.528 GC heap after
Heap after GC invocations=2091 (full 566):
 PSYoungGen      total 57344K, used 480K [0x00000007bc400000, 0x00000007c0000000, 0x00000007c0000000)
  eden space 53248K, 0% used [0x00000007bc400000,0x00000007bc400000,0x00000007bf800000)
  from space 4096K, 11% used [0x00000007bf800000,0x00000007bf878000,0x00000007bfc00000)
  to   space 4096K, 0% used [0x00000007bfc00000,0x00000007bfc00000,0x00000007c0000000)
 ParOldGen       total 145408K, used 116447K [0x0000000700000000, 0x0000000708e00000, 0x00000007bc400000)
  object space 145408K, 80% used [0x0000000700000000,0x00000007071b7e08,0x0000000708e00000)
 Metaspace       used 85734K, capacity 86625K, committed 87168K, reserved 1124352K
  class space    used 11609K, capacity 11785K, committed 11904K, reserved 1048576K
}
Event: 11973.376 GC heap before
{Heap before GC invocations=2092 (full 566):
 PSYoungGen      total 57344K, used 53728K [0x00000007bc400000, 0x00000007c0000000, 0x00000007c0000000)
  eden space 53248K, 100% used [0x00000007bc400000,0x00000007bf800000,0x00000007bf800000)
  from space 4096K, 11% used [0x00000007bf800000,0x00000007bf878000,0x00000007bfc00000)
  to   space 4096K, 0% used [0x00000007bfc00000,0x00000007bfc00000,0x00000007c0000000)
 ParOldGen       total 145408K, used 116447K [0x0000000700000000, 0x0000000708e00000, 0x00000007bc400000)
  object space 145408K, 80% used [0x0000000700000000,0x00000007071b7e08,0x0000000708e00000)
 Metaspace       used 85734K, capacity 86625K, committed 87168K, reserved 1124352K
  class space    used 11609K, capacity 11785K, committed 11904K, reserved 1048576K
Event: 11973.383 GC heap after
Heap after GC invocations=2092 (full 566):
 PSYoungGen      total 57344K, used 448K [0x00000007bc400000, 0x00000007c0000000, 0x00000007c0000000)
  eden space 53248K, 0% used [0x00000007bc400000,0x00000007bc400000,0x00000007bf800000)
  from space 4096K, 10% used [0x00000007bfc00000,0x00000007bfc70000,0x00000007c0000000)
  to   space 4096K, 0% used [0x00000007bf800000,0x00000007bf800000,0x00000007bfc00000)
 ParOldGen       total 145408K, used 116471K [0x0000000700000000, 0x0000000708e00000, 0x00000007bc400000)
  object space 145408K, 80% used [0x0000000700000000,0x00000007071bde08,0x0000000708e00000)
 Metaspace       used 85734K, capacity 86625K, committed 87168K, reserved 1124352K
  class space    used 11609K, capacity 11785K, committed 11904K, reserved 1048576K
}
Event: 11975.294 GC heap before
{Heap before GC invocations=2093 (full 566):
 PSYoungGen      total 57344K, used 53696K [0x00000007bc400000, 0x00000007c0000000, 0x00000007c0000000)
  eden space 53248K, 100% used [0x00000007bc400000,0x00000007bf800000,0x00000007bf800000)
  from space 4096K, 10% used [0x00000007bfc00000,0x00000007bfc70000,0x00000007c0000000)
  to   space 4096K, 0% used [0x00000007bf800000,0x00000007bf800000,0x00000007bfc00000)
 ParOldGen       total 145408K, used 116471K [0x0000000700000000, 0x0000000708e00000, 0x00000007bc400000)
  object space 145408K, 80% used [0x0000000700000000,0x00000007071bde08,0x0000000708e00000)
 Metaspace       used 85736K, capacity 86689K, committed 87424K, reserved 1124352K
  class space    used 11609K, capacity 11785K, committed 11904K, reserved 1048576K
Event: 11975.301 GC heap after
Heap after GC invocations=2093 (full 566):
 PSYoungGen      total 57344K, used 448K [0x00000007bc400000, 0x00000007c0000000, 0x00000007c0000000)
  eden space 53248K, 0% used [0x00000007bc400000,0x00000007bc400000,0x00000007bf800000)
  from space 4096K, 10% used [0x00000007bf800000,0x00000007bf870000,0x00000007bfc00000)
  to   space 4096K, 0% used [0x00000007bfc00000,0x00000007bfc00000,0x00000007c0000000)
 ParOldGen       total 145408K, used 116495K [0x0000000700000000, 0x0000000708e00000, 0x00000007bc400000)
  object space 145408K, 80% used [0x0000000700000000,0x00000007071c3e08,0x0000000708e00000)
 Metaspace       used 85736K, capacity 86689K, committed 87424K, reserved 1124352K
  class space    used 11609K, capacity 11785K, committed 11904K, reserved 1048576K
}
Event: 11976.044 GC heap before
{Heap before GC invocations=2094 (full 566):
 PSYoungGen      total 57344K, used 53696K [0x00000007bc400000, 0x00000007c0000000, 0x00000007c0000000)
  eden space 53248K, 100% used [0x00000007bc400000,0x00000007bf800000,0x00000007bf800000)
  from space 4096K, 10% used [0x00000007bf800000,0x00000007bf870000,0x00000007bfc00000)
  to   space 4096K, 0% used [0x00000007bfc00000,0x00000007bfc00000,0x00000007c0000000)
 ParOldGen       total 145408K, used 116495K [0x0000000700000000, 0x0000000708e00000, 0x00000007bc400000)
  object space 145408K, 80% used [0x0000000700000000,0x00000007071c3e08,0x0000000708e00000)
 Metaspace       used 85736K, capacity 86689K, committed 87424K, reserved 1124352K
  class space    used 11609K, capacity 11785K, committed 11904K, reserved 1048576K
Event: 11976.051 GC heap after
Heap after GC invocations=2094 (full 566):
 PSYoungGen      total 57856K, used 448K [0x00000007bc400000, 0x00000007c0000000, 0x00000007c0000000)
  eden space 53760K, 0% used [0x00000007bc400000,0x00000007bc400000,0x00000007bf880000)
  from space 4096K, 10% used [0x00000007bfc00000,0x00000007bfc70000,0x00000007c0000000)
  to   space 3584K, 0% used [0x00000007bf880000,0x00000007bf880000,0x00000007bfc00000)
 ParOldGen       total 145408K, used 116519K [0x0000000700000000, 0x0000000708e00000, 0x00000007bc400000)
  object space 145408K, 80% used [0x0000000700000000,0x00000007071c9e08,0x0000000708e00000)
 Metaspace       used 85736K, capacity 86689K, committed 87424K, reserved 1124352K
  class space    used 11609K, capacity 11785K, committed 11904K, reserved 1048576K
}
Event: 11976.778 GC heap before
{Heap before GC invocations=2095 (full 566):
 PSYoungGen      total 57856K, used 54208K [0x00000007bc400000, 0x00000007c0000000, 0x00000007c0000000)
  eden space 53760K, 100% used [0x00000007bc400000,0x00000007bf880000,0x00000007bf880000)
  from space 4096K, 10% used [0x00000007bfc00000,0x00000007bfc70000,0x00000007c0000000)
  to   space 3584K, 0% used [0x00000007bf880000,0x00000007bf880000,0x00000007bfc00000)
 ParOldGen       total 145408K, used 116519K [0x0000000700000000, 0x0000000708e00000, 0x00000007bc400000)
  object space 145408K, 80% used [0x0000000700000000,0x00000007071c9e08,0x0000000708e00000)
 Metaspace       used 85736K, capacity 86689K, committed 87424K, reserved 1124352K
  class space    used 11609K, capacity 11785K, committed 11904K, reserved 1048576K
Event: 11976.785 GC heap after
Heap after GC invocations=2095 (full 566):
 PSYoungGen      total 57344K, used 384K [0x00000007bc400000, 0x00000007c0000000, 0x00000007c0000000)
  eden space 53760K, 0% used [0x00000007bc400000,0x00000007bc400000,0x00000007bf880000)
  from space 3584K, 10% used [0x00000007bf880000,0x00000007bf8e0000,0x00000007bfc00000)
  to   space 3584K, 0% used [0x00000007bfc80000,0x00000007bfc80000,0x00000007c0000000)
 ParOldGen       total 145408K, used 116519K [0x0000000700000000, 0x0000000708e00000, 0x00000007bc400000)
  object space 145408K, 80% used [0x0000000700000000,0x00000007071c9e08,0x0000000708e00000)
 Metaspace       used 85736K, capacity 86689K, committed 87424K, reserved 1124352K
  class space    used 11609K, capacity 11785K, committed 11904K, reserved 1048576K
}

