# JRE version: Java(TM) SE Runtime Environment (8.0_112-b15) (build 1.8.0_112-b15)
# Java VM: Java HotSpot(TM) 64-Bit Server VM (25.112-b15 mixed mode windows-amd64 compressed oops)
Heap:
 PSYoungGen      total 58880K, used 47282K [0x00000007bc400000, 0x00000007c0000000, 0x00000007c0000000)
  eden space 56320K, 81% used [0x00000007bc400000,0x00000007bf114978,0x00000007bfb00000)
  from space 2560K, 43% used [0x00000007bfb00000,0x00000007bfc18000,0x00000007bfd80000)
  to   space 2560K, 0% used [0x00000007bfd80000,0x00000007bfd80000,0x00000007c0000000)
 ParOldGen       total 272384K, used 93667K [0x0000000700000000, 0x0000000710a00000, 0x00000007bc400000)
  object space 272384K, 34% used [0x0000000700000000,0x0000000705b78fb8,0x0000000710a00000)
 Metaspace       used 81398K, capacity 82163K, committed 82944K, reserved 1120256K
  class space    used 11256K, capacity 11402K, committed 11520K, reserved 1048576K
GC Heap History (10 events):
Event: 162697.438 GC heap before
{Heap before GC invocations=958 (full 53):
 PSYoungGen      total 58880K, used 57152K [0x00000007bc400000, 0x00000007c0000000, 0x00000007c0000000)
  eden space 55808K, 100% used [0x00000007bc400000,0x00000007bfa80000,0x00000007bfa80000)
  from space 3072K, 43% used [0x00000007bfd00000,0x00000007bfe50000,0x00000007c0000000)
  to   space 2560K, 0% used [0x00000007bfa80000,0x00000007bfa80000,0x00000007bfd00000)
 ParOldGen       total 272384K, used 93323K [0x0000000700000000, 0x0000000710a00000, 0x00000007bc400000)
  object space 272384K, 34% used [0x0000000700000000,0x0000000705b22fa8,0x0000000710a00000)
 Metaspace       used 81374K, capacity 82099K, committed 82944K, reserved 1120256K
  class space    used 11256K, capacity 11402K, committed 11520K, reserved 1048576K
Event: 162697.447 GC heap after
Heap after GC invocations=958 (full 53):
 PSYoungGen      total 58368K, used 1472K [0x00000007bc400000, 0x00000007c0000000, 0x00000007c0000000)
  eden space 55808K, 0% used [0x00000007bc400000,0x00000007bc400000,0x00000007bfa80000)
  from space 2560K, 57% used [0x00000007bfa80000,0x00000007bfbf0000,0x00000007bfd00000)
  to   space 2560K, 0% used [0x00000007bfd80000,0x00000007bfd80000,0x00000007c0000000)
 ParOldGen       total 272384K, used 93371K [0x0000000700000000, 0x0000000710a00000, 0x00000007bc400000)
  object space 272384K, 34% used [0x0000000700000000,0x0000000705b2efa8,0x0000000710a00000)
 Metaspace       used 81374K, capacity 82099K, committed 82944K, reserved 1120256K
  class space    used 11256K, capacity 11402K, committed 11520K, reserved 1048576K
}
Event: 162719.187 GC heap before
{Heap before GC invocations=959 (full 53):
 PSYoungGen      total 58368K, used 57280K [0x00000007bc400000, 0x00000007c0000000, 0x00000007c0000000)
  eden space 55808K, 100% used [0x00000007bc400000,0x00000007bfa80000,0x00000007bfa80000)
  from space 2560K, 57% used [0x00000007bfa80000,0x00000007bfbf0000,0x00000007bfd00000)
  to   space 2560K, 0% used [0x00000007bfd80000,0x00000007bfd80000,0x00000007c0000000)
 ParOldGen       total 272384K, used 93371K [0x0000000700000000, 0x0000000710a00000, 0x00000007bc400000)
  object space 272384K, 34% used [0x0000000700000000,0x0000000705b2efa8,0x0000000710a00000)
 Metaspace       used 81387K, capacity 82163K, committed 82944K, reserved 1120256K
  class space    used 11256K, capacity 11402K, committed 11520K, reserved 1048576K
Event: 162719.196 GC heap after
Heap after GC invocations=959 (full 53):
 PSYoungGen      total 58880K, used 960K [0x00000007bc400000, 0x00000007c0000000, 0x00000007c0000000)
  eden space 56320K, 0% used [0x00000007bc400000,0x00000007bc400000,0x00000007bfb00000)
  from space 2560K, 37% used [0x00000007bfd80000,0x00000007bfe70000,0x00000007c0000000)
  to   space 2560K, 0% used [0x00000007bfb00000,0x00000007bfb00000,0x00000007bfd80000)
 ParOldGen       total 272384K, used 93395K [0x0000000700000000, 0x0000000710a00000, 0x00000007bc400000)
  object space 272384K, 34% used [0x0000000700000000,0x0000000705b34fa8,0x0000000710a00000)
 Metaspace       used 81387K, capacity 82163K, committed 82944K, reserved 1120256K
  class space    used 11256K, capacity 11402K, committed 11520K, reserved 1048576K
}
Event: 162723.593 GC heap before
{Heap before GC invocations=960 (full 53):
 PSYoungGen      total 58880K, used 57280K [0x00000007bc400000, 0x00000007c0000000, 0x00000007c0000000)
  eden space 56320K, 100% used [0x00000007bc400000,0x00000007bfb00000,0x00000007bfb00000)
  from space 2560K, 37% used [0x00000007bfd80000,0x00000007bfe70000,0x00000007c0000000)
  to   space 2560K, 0% used [0x00000007bfb00000,0x00000007bfb00000,0x00000007bfd80000)
 ParOldGen       total 272384K, used 93395K [0x0000000700000000, 0x0000000710a00000, 0x00000007bc400000)
  object space 272384K, 34% used [0x0000000700000000,0x0000000705b34fa8,0x0000000710a00000)
 Metaspace       used 81387K, capacity 82163K, committed 82944K, reserved 1120256K
  class space    used 11256K, capacity 11402K, committed 11520K, reserved 1048576K
Event: 162723.600 GC heap after
Heap after GC invocations=960 (full 53):
 PSYoungGen      total 58880K, used 896K [0x00000007bc400000, 0x00000007c0000000, 0x00000007c0000000)
  eden space 56320K, 0% used [0x00000007bc400000,0x00000007bc400000,0x00000007bfb00000)
  from space 2560K, 35% used [0x00000007bfb00000,0x00000007bfbe0000,0x00000007bfd80000)
  to   space 2560K, 0% used [0x00000007bfd80000,0x00000007bfd80000,0x00000007c0000000)
 ParOldGen       total 272384K, used 93515K [0x0000000700000000, 0x0000000710a00000, 0x00000007bc400000)
  object space 272384K, 34% used [0x0000000700000000,0x0000000705b52fb8,0x0000000710a00000)
 Metaspace       used 81387K, capacity 82163K, committed 82944K, reserved 1120256K
  class space    used 11256K, capacity 11402K, committed 11520K, reserved 1048576K
}
Event: 162737.945 GC heap before
{Heap before GC invocations=961 (full 53):
 PSYoungGen      total 58880K, used 57216K [0x00000007bc400000, 0x00000007c0000000, 0x00000007c0000000)
  eden space 56320K, 100% used [0x00000007bc400000,0x00000007bfb00000,0x00000007bfb00000)
  from space 2560K, 35% used [0x00000007bfb00000,0x00000007bfbe0000,0x00000007bfd80000)
  to   space 2560K, 0% used [0x00000007bfd80000,0x00000007bfd80000,0x00000007c0000000)
 ParOldGen       total 272384K, used 93515K [0x0000000700000000, 0x0000000710a00000, 0x00000007bc400000)
  object space 272384K, 34% used [0x0000000700000000,0x0000000705b52fb8,0x0000000710a00000)
 Metaspace       used 81387K, capacity 82163K, committed 82944K, reserved 1120256K
  class space    used 11256K, capacity 11402K, committed 11520K, reserved 1048576K
Event: 162737.952 GC heap after
Heap after GC invocations=961 (full 53):
 PSYoungGen      total 58880K, used 928K [0x00000007bc400000, 0x00000007c0000000, 0x00000007c0000000)
  eden space 56320K, 0% used [0x00000007bc400000,0x00000007bc400000,0x00000007bfb00000)
  from space 2560K, 36% used [0x00000007bfd80000,0x00000007bfe68000,0x00000007c0000000)
  to   space 2560K, 0% used [0x00000007bfb00000,0x00000007bfb00000,0x00000007bfd80000)
 ParOldGen       total 272384K, used 93627K [0x0000000700000000, 0x0000000710a00000, 0x00000007bc400000)
  object space 272384K, 34% used [0x0000000700000000,0x0000000705b6efb8,0x0000000710a00000)
 Metaspace       used 81387K, capacity 82163K, committed 82944K, reserved 1120256K
  class space    used 11256K, capacity 11402K, committed 11520K, reserved 1048576K
}
Event: 162740.529 GC heap before
{Heap before GC invocations=962 (full 53):
 PSYoungGen      total 58880K, used 57248K [0x00000007bc400000, 0x00000007c0000000, 0x00000007c0000000)
  eden space 56320K, 100% used [0x00000007bc400000,0x00000007bfb00000,0x00000007bfb00000)
  from space 2560K, 36% used [0x00000007bfd80000,0x00000007bfe68000,0x00000007c0000000)
  to   space 2560K, 0% used [0x00000007bfb00000,0x00000007bfb00000,0x00000007bfd80000)
 ParOldGen       total 272384K, used 93627K [0x0000000700000000, 0x0000000710a00000, 0x00000007bc400000)
  object space 272384K, 34% used [0x0000000700000000,0x0000000705b6efb8,0x0000000710a00000)
 Metaspace       used 81398K, capacity 82163K, committed 82944K, reserved 1120256K
  class space    used 11256K, capacity 11402K, committed 11520K, reserved 1048576K
Event: 162740.536 GC heap after
Heap after GC invocations=962 (full 53):
 PSYoungGen      total 58880K, used 1120K [0x00000007bc400000, 0x00000007c0000000, 0x00000007c0000000)
  eden space 56320K, 0% used [0x00000007bc400000,0x00000007bc400000,0x00000007bfb00000)
  from space 2560K, 43% used [0x00000007bfb00000,0x00000007bfc18000,0x00000007bfd80000)
  to   space 2560K, 0% used [0x00000007bfd80000,0x00000007bfd80000,0x00000007c0000000)
 ParOldGen       total 272384K, used 93667K [0x0000000700000000, 0x0000000710a00000, 0x00000007bc400000)
  object space 272384K, 34% used [0x0000000700000000,0x0000000705b78fb8,0x0000000710a00000)
 Metaspace       used 81398K, capacity 82163K, committed 82944K, reserved 1120256K
  class space    used 11256K, capacity 11402K, committed 11520K, reserved 1048576K
}

