# JRE version: Java(TM) SE Runtime Environment (8.0_112-b15) (build 1.8.0_112-b15)
# Java VM: Java HotSpot(TM) 64-Bit Server VM (25.112-b15 mixed mode windows-amd64 compressed oops)
Heap:
 PSYoungGen      total 58880K, used 53149K [0x00000007bc400000, 0x00000007c0000000, 0x00000007c0000000)
  eden space 56320K, 92% used [0x00000007bc400000,0x00000007bf7075d8,0x00000007bfb00000)
  from space 2560K, 35% used [0x00000007bfd80000,0x00000007bfe60000,0x00000007c0000000)
  to   space 2560K, 0% used [0x00000007bfb00000,0x00000007bfb00000,0x00000007bfd80000)
 ParOldGen       total 79360K, used 52710K [0x0000000700000000, 0x0000000704d80000, 0x00000007bc400000)
  object space 79360K, 66% used [0x0000000700000000,0x0000000703379830,0x0000000704d80000)
 Metaspace       used 76739K, capacity 77495K, committed 78080K, reserved 1116160K
  class space    used 10582K, capacity 10748K, committed 10752K, reserved 1048576K
GC Heap History (10 events):
Event: 1829.444 GC heap before
{Heap before GC invocations=221 (full 17):
 PSYoungGen      total 58880K, used 57504K [0x00000007bc400000, 0x00000007c0000000, 0x00000007c0000000)
  eden space 56320K, 100% used [0x00000007bc400000,0x00000007bfb00000,0x00000007bfb00000)
  from space 2560K, 46% used [0x00000007bfb00000,0x00000007bfc28000,0x00000007bfd80000)
  to   space 2560K, 0% used [0x00000007bfd80000,0x00000007bfd80000,0x00000007c0000000)
 ParOldGen       total 79360K, used 52392K [0x0000000700000000, 0x0000000704d80000, 0x00000007bc400000)
  object space 79360K, 66% used [0x0000000700000000,0x000000070332a118,0x0000000704d80000)
 Metaspace       used 76734K, capacity 77495K, committed 78080K, reserved 1116160K
  class space    used 10582K, capacity 10748K, committed 10752K, reserved 1048576K
Event: 1829.454 GC heap after
Heap after GC invocations=221 (full 17):
 PSYoungGen      total 58880K, used 1088K [0x00000007bc400000, 0x00000007c0000000, 0x00000007c0000000)
  eden space 56320K, 0% used [0x00000007bc400000,0x00000007bc400000,0x00000007bfb00000)
  from space 2560K, 42% used [0x00000007bfd80000,0x00000007bfe90000,0x00000007c0000000)
  to   space 2560K, 0% used [0x00000007bfb00000,0x00000007bfb00000,0x00000007bfd80000)
 ParOldGen       total 79360K, used 52456K [0x0000000700000000, 0x0000000704d80000, 0x00000007bc400000)
  object space 79360K, 66% used [0x0000000700000000,0x000000070333a118,0x0000000704d80000)
 Metaspace       used 76734K, capacity 77495K, committed 78080K, reserved 1116160K
  class space    used 10582K, capacity 10748K, committed 10752K, reserved 1048576K
}
Event: 1845.738 GC heap before
{Heap before GC invocations=222 (full 17):
 PSYoungGen      total 58880K, used 57408K [0x00000007bc400000, 0x00000007c0000000, 0x00000007c0000000)
  eden space 56320K, 100% used [0x00000007bc400000,0x00000007bfb00000,0x00000007bfb00000)
  from space 2560K, 42% used [0x00000007bfd80000,0x00000007bfe90000,0x00000007c0000000)
  to   space 2560K, 0% used [0x00000007bfb00000,0x00000007bfb00000,0x00000007bfd80000)
 ParOldGen       total 79360K, used 52456K [0x0000000700000000, 0x0000000704d80000, 0x00000007bc400000)
  object space 79360K, 66% used [0x0000000700000000,0x000000070333a1b0,0x0000000704d80000)
 Metaspace       used 76734K, capacity 77495K, committed 78080K, reserved 1116160K
  class space    used 10582K, capacity 10748K, committed 10752K, reserved 1048576K
Event: 1845.747 GC heap after
Heap after GC invocations=222 (full 17):
 PSYoungGen      total 58880K, used 1088K [0x00000007bc400000, 0x00000007c0000000, 0x00000007c0000000)
  eden space 56320K, 0% used [0x00000007bc400000,0x00000007bc400000,0x00000007bfb00000)
  from space 2560K, 42% used [0x00000007bfb00000,0x00000007bfc10000,0x00000007bfd80000)
  to   space 2560K, 0% used [0x00000007bfd80000,0x00000007bfd80000,0x00000007c0000000)
 ParOldGen       total 79360K, used 52472K [0x0000000700000000, 0x0000000704d80000, 0x00000007bc400000)
  object space 79360K, 66% used [0x0000000700000000,0x000000070333e1b0,0x0000000704d80000)
 Metaspace       used 76734K, capacity 77495K, committed 78080K, reserved 1116160K
  class space    used 10582K, capacity 10748K, committed 10752K, reserved 1048576K
}
Event: 1860.936 GC heap before
{Heap before GC invocations=223 (full 17):
 PSYoungGen      total 58880K, used 57408K [0x00000007bc400000, 0x00000007c0000000, 0x00000007c0000000)
  eden space 56320K, 100% used [0x00000007bc400000,0x00000007bfb00000,0x00000007bfb00000)
  from space 2560K, 42% used [0x00000007bfb00000,0x00000007bfc10000,0x00000007bfd80000)
  to   space 2560K, 0% used [0x00000007bfd80000,0x00000007bfd80000,0x00000007c0000000)
 ParOldGen       total 79360K, used 52474K [0x0000000700000000, 0x0000000704d80000, 0x00000007bc400000)
  object space 79360K, 66% used [0x0000000700000000,0x000000070333eab0,0x0000000704d80000)
 Metaspace       used 76734K, capacity 77495K, committed 78080K, reserved 1116160K
  class space    used 10582K, capacity 10748K, committed 10752K, reserved 1048576K
Event: 1860.947 GC heap after
Heap after GC invocations=223 (full 17):
 PSYoungGen      total 58880K, used 960K [0x00000007bc400000, 0x00000007c0000000, 0x00000007c0000000)
  eden space 56320K, 0% used [0x00000007bc400000,0x00000007bc400000,0x00000007bfb00000)
  from space 2560K, 37% used [0x00000007bfd80000,0x00000007bfe70000,0x00000007c0000000)
  to   space 2560K, 0% used [0x00000007bfb00000,0x00000007bfb00000,0x00000007bfd80000)
 ParOldGen       total 79360K, used 52522K [0x0000000700000000, 0x0000000704d80000, 0x00000007bc400000)
  object space 79360K, 66% used [0x0000000700000000,0x000000070334aac0,0x0000000704d80000)
 Metaspace       used 76734K, capacity 77495K, committed 78080K, reserved 1116160K
  class space    used 10582K, capacity 10748K, committed 10752K, reserved 1048576K
}
Event: 1889.465 GC heap before
{Heap before GC invocations=224 (full 17):
 PSYoungGen      total 58880K, used 57280K [0x00000007bc400000, 0x00000007c0000000, 0x00000007c0000000)
  eden space 56320K, 100% used [0x00000007bc400000,0x00000007bfb00000,0x00000007bfb00000)
  from space 2560K, 37% used [0x00000007bfd80000,0x00000007bfe70000,0x00000007c0000000)
  to   space 2560K, 0% used [0x00000007bfb00000,0x00000007bfb00000,0x00000007bfd80000)
 ParOldGen       total 79360K, used 52524K [0x0000000700000000, 0x0000000704d80000, 0x00000007bc400000)
  object space 79360K, 66% used [0x0000000700000000,0x000000070334b3c0,0x0000000704d80000)
 Metaspace       used 76739K, capacity 77495K, committed 78080K, reserved 1116160K
  class space    used 10582K, capacity 10748K, committed 10752K, reserved 1048576K
Event: 1889.483 GC heap after
Heap after GC invocations=224 (full 17):
 PSYoungGen      total 58880K, used 928K [0x00000007bc400000, 0x00000007c0000000, 0x00000007c0000000)
  eden space 56320K, 0% used [0x00000007bc400000,0x00000007bc400000,0x00000007bfb00000)
  from space 2560K, 36% used [0x00000007bfb00000,0x00000007bfbe8000,0x00000007bfd80000)
  to   space 2560K, 0% used [0x00000007bfd80000,0x00000007bfd80000,0x00000007c0000000)
 ParOldGen       total 79360K, used 52620K [0x0000000700000000, 0x0000000704d80000, 0x00000007bc400000)
  object space 79360K, 66% used [0x0000000700000000,0x00000007033633c0,0x0000000704d80000)
 Metaspace       used 76739K, capacity 77495K, committed 78080K, reserved 1116160K
  class space    used 10582K, capacity 10748K, committed 10752K, reserved 1048576K
}
Event: 1901.235 GC heap before
{Heap before GC invocations=225 (full 17):
 PSYoungGen      total 58880K, used 57248K [0x00000007bc400000, 0x00000007c0000000, 0x00000007c0000000)
  eden space 56320K, 100% used [0x00000007bc400000,0x00000007bfb00000,0x00000007bfb00000)
  from space 2560K, 36% used [0x00000007bfb00000,0x00000007bfbe8000,0x00000007bfd80000)
  to   space 2560K, 0% used [0x00000007bfd80000,0x00000007bfd80000,0x00000007c0000000)
 ParOldGen       total 79360K, used 52622K [0x0000000700000000, 0x0000000704d80000, 0x00000007bc400000)
  object space 79360K, 66% used [0x0000000700000000,0x0000000703363830,0x0000000704d80000)
 Metaspace       used 76739K, capacity 77495K, committed 78080K, reserved 1116160K
  class space    used 10582K, capacity 10748K, committed 10752K, reserved 1048576K
Event: 1901.246 GC heap after
Heap after GC invocations=225 (full 17):
 PSYoungGen      total 58880K, used 896K [0x00000007bc400000, 0x00000007c0000000, 0x00000007c0000000)
  eden space 56320K, 0% used [0x00000007bc400000,0x00000007bc400000,0x00000007bfb00000)
  from space 2560K, 35% used [0x00000007bfd80000,0x00000007bfe60000,0x00000007c0000000)
  to   space 2560K, 0% used [0x00000007bfb00000,0x00000007bfb00000,0x00000007bfd80000)
 ParOldGen       total 79360K, used 52710K [0x0000000700000000, 0x0000000704d80000, 0x00000007bc400000)
  object space 79360K, 66% used [0x0000000700000000,0x0000000703379830,0x0000000704d80000)
 Metaspace       used 76739K, capacity 77495K, committed 78080K, reserved 1116160K
  class space    used 10582K, capacity 10748K, committed 10752K, reserved 1048576K
}

